<?xml version="1.0" encoding="UTF-8"?>
<testsuite name="com.ubs.opsit.interviews.example.ExampleTest" tests="1" skipped="0" failures="0" errors="0" timestamp="2025-02-15T18:18:05" hostname="LAPTOP-7BLIISQ0" time="0.119">
  <properties/>
  <testcase name="thisTestShouldPassIfYouHaveEverythingIsSetupCorrectly" classname="com.ubs.opsit.interviews.example.ExampleTest" time="0.119"/>
  <system-out><![CDATA[2025-02-15T23:48:05.658 | est worker | Example              | DEBUG  - Hello 
]]></system-out>
  <system-err><![CDATA[]]></system-err>
</testsuite>
